host: maximus.ie-freiburg.mpg.de
Building DAG of jobs...
Using shell: /usr/bin/bash
Provided cores: 128
Rules claiming more threads will be scaled down.
Conda environments: ignored
Job stats:
job                count
---------------  -------
all                    1
deseq2_analysis        1
total                  2

Select jobs to execute...
Execute 1 jobs...

[Tue Mar  4 17:47:46 2025]
localrule deseq2_analysis:
    input: /data/manke/processing1/pipegrp/smRNAPipeline/Analysis_3467_Kim_Denboba/Results/TEsmallOut/count_summary.txt, /data/manke/processing1/pipegrp/smRNAPipeline/Analysis_3467_Kim_Denboba/Results/metaInfo.tsv
    output: /data/manke/processing1/pipegrp/smRNAPipeline/Analysis_3467_Kim_Denboba/Results/TEsmallOut/TEsmallOut/deseq_results.done
    jobid: 1
    reason: Missing output files: /data/manke/processing1/pipegrp/smRNAPipeline/Analysis_3467_Kim_Denboba/Results/TEsmallOut/TEsmallOut/deseq_results.done
    resources: tmpdir=/tmp

[Tue Mar  4 17:48:28 2025]
Finished job 1.
1 of 2 steps (50%) done
Select jobs to execute...
Execute 1 jobs...

[Tue Mar  4 17:48:28 2025]
localrule all:
    input: /data/manke/processing1/pipegrp/smRNAPipeline/Analysis_3467_Kim_Denboba/Results/TEsmallOut/count_summary.txt, /data/manke/processing1/pipegrp/smRNAPipeline/Analysis_3467_Kim_Denboba/Results/TEsmallOut/TEsmallOut/deseq_results.done
    jobid: 0
    reason: Input files updated by another job: /data/manke/processing1/pipegrp/smRNAPipeline/Analysis_3467_Kim_Denboba/Results/TEsmallOut/TEsmallOut/deseq_results.done
    resources: tmpdir=/tmp

[Tue Mar  4 17:48:28 2025]
Finished job 0.
2 of 2 steps (100%) done
Complete log: .snakemake/log/2025-03-04T174746.040780.snakemake.log
