Assuming unrestricted shared filesystem usage.
None
host: maximus.ie-freiburg.mpg.de
Building DAG of jobs...
Using shell: /usr/bin/bash
Provided cores: 128
Rules claiming more threads will be scaled down.
Conda environments: ignored
Job stats:
job                count
---------------  -------
all                    1
deseq2_analysis        1
total                  2

Select jobs to execute...
Execute 1 jobs...
[Fri Sep 12 17:40:49 2025]
localrule deseq2_analysis:
    input: /home/navandar/Projects/Denboba_lab/GenVsControl/raw_counts_for_deseq2.txt, /home/navandar/Projects/Denboba_lab/GenVsControl/DEseq2_TEsmall/metaInfo.tsv
    output: /home/navandar/Projects/Denboba_lab/GenVsControl/DEseq2_rawCounts/DEoutput/VarianceStabilizedCounts.txt, /home/navandar/Projects/Denboba_lab/GenVsControl/DEseq2_rawCounts/DEoutput/Normalized_Read_Counts.txt, /home/navandar/Projects/Denboba_lab/GenVsControl/DEseq2_rawCounts/DEoutput/Pcaplot.pdf, /home/navandar/Projects/Denboba_lab/GenVsControl/DEseq2_rawCounts/DEoutput/volcanoplot.pdf, /home/navandar/Projects/Denboba_lab/GenVsControl/DEseq2_rawCounts/DEoutput/deseq_results.done
    jobid: 1
    reason: Missing output files: /home/navandar/Projects/Denboba_lab/GenVsControl/DEseq2_rawCounts/DEoutput/VarianceStabilizedCounts.txt, /home/navandar/Projects/Denboba_lab/GenVsControl/DEseq2_rawCounts/DEoutput/Pcaplot.pdf, /home/navandar/Projects/Denboba_lab/GenVsControl/DEseq2_rawCounts/DEoutput/deseq_results.done, /home/navandar/Projects/Denboba_lab/GenVsControl/DEseq2_rawCounts/DEoutput/Normalized_Read_Counts.txt, /home/navandar/Projects/Denboba_lab/GenVsControl/DEseq2_rawCounts/DEoutput/volcanoplot.pdf
    resources: tmpdir=/tmp

Waiting for more resources.
[Fri Sep 12 17:41:04 2025]
Finished jobid: 1 (Rule: deseq2_analysis)
1 of 2 steps (50%) done
Select jobs to execute...
Execute 1 jobs...
[Fri Sep 12 17:41:04 2025]
localrule all:
    input: /home/navandar/Projects/Denboba_lab/GenVsControl/DEseq2_rawCounts/DEoutput/VarianceStabilizedCounts.txt, /home/navandar/Projects/Denboba_lab/GenVsControl/DEseq2_rawCounts/DEoutput/Normalized_Read_Counts.txt, /home/navandar/Projects/Denboba_lab/GenVsControl/DEseq2_rawCounts/DEoutput/Pcaplot.pdf, /home/navandar/Projects/Denboba_lab/GenVsControl/DEseq2_rawCounts/DEoutput/volcanoplot.pdf, /home/navandar/Projects/Denboba_lab/GenVsControl/DEseq2_rawCounts/DEoutput/deseq_results.done
    jobid: 0
    reason: Input files updated by another job: /home/navandar/Projects/Denboba_lab/GenVsControl/DEseq2_rawCounts/DEoutput/VarianceStabilizedCounts.txt, /home/navandar/Projects/Denboba_lab/GenVsControl/DEseq2_rawCounts/DEoutput/Pcaplot.pdf, /home/navandar/Projects/Denboba_lab/GenVsControl/DEseq2_rawCounts/DEoutput/deseq_results.done, /home/navandar/Projects/Denboba_lab/GenVsControl/DEseq2_rawCounts/DEoutput/Normalized_Read_Counts.txt, /home/navandar/Projects/Denboba_lab/GenVsControl/DEseq2_rawCounts/DEoutput/volcanoplot.pdf
    resources: tmpdir=/tmp

Waiting for more resources.
[Fri Sep 12 17:41:04 2025]
Finished jobid: 0 (Rule: all)
2 of 2 steps (100%) done
Complete log(s): /home/navandar/Projects/Denboba_lab/GenVsControl/DEseq2_TEsmall/.snakemake/log/2025-09-12T174049.448980.snakemake.log
