host: maximus.ie-freiburg.mpg.de
Building DAG of jobs...
Using shell: /usr/bin/bash
Provided cores: 128
Rules claiming more threads will be scaled down.
Conda environments: ignored
Job stats:
job                count
---------------  -------
all                    1
deseq2_analysis        1
total                  2

Select jobs to execute...
Execute 1 jobs...

[Fri Mar  7 12:19:47 2025]
localrule deseq2_analysis:
    input: /data/manke/processing1/pipegrp/smRNAPipeline/Analysis_3470_Kim_Denboba/Results/TEsmallOut/count_summary.txt, /data/manke/processing1/pipegrp/smRNAPipeline/Analysis_3470_Kim_Denboba/DEseq2_TEsmall/metaInfo_r71_75.tsv
    output: /data/manke/processing1/pipegrp/smRNAPipeline/Analysis_3470_Kim_Denboba/DEseq2_TEsmall/DEoutput/VarianceStabilizedCounts.txt, /data/manke/processing1/pipegrp/smRNAPipeline/Analysis_3470_Kim_Denboba/DEseq2_TEsmall/DEoutput/Normalized_Read_Counts.txt, /data/manke/processing1/pipegrp/smRNAPipeline/Analysis_3470_Kim_Denboba/DEseq2_TEsmall/DEoutput/Pcaplot.pdf, /data/manke/processing1/pipegrp/smRNAPipeline/Analysis_3470_Kim_Denboba/DEseq2_TEsmall/DEoutput/volcanoplot.pdf, /data/manke/processing1/pipegrp/smRNAPipeline/Analysis_3470_Kim_Denboba/DEseq2_TEsmall/DEoutput, /data/manke/processing1/pipegrp/smRNAPipeline/Analysis_3470_Kim_Denboba/DEseq2_TEsmall/DEoutput/deseq_results.done
    jobid: 1
    reason: Missing output files: /data/manke/processing1/pipegrp/smRNAPipeline/Analysis_3470_Kim_Denboba/DEseq2_TEsmall/DEoutput/deseq_results.done, /data/manke/processing1/pipegrp/smRNAPipeline/Analysis_3470_Kim_Denboba/DEseq2_TEsmall/DEoutput/VarianceStabilizedCounts.txt, /data/manke/processing1/pipegrp/smRNAPipeline/Analysis_3470_Kim_Denboba/DEseq2_TEsmall/DEoutput/volcanoplot.pdf, /data/manke/processing1/pipegrp/smRNAPipeline/Analysis_3470_Kim_Denboba/DEseq2_TEsmall/DEoutput/Pcaplot.pdf, /data/manke/processing1/pipegrp/smRNAPipeline/Analysis_3470_Kim_Denboba/DEseq2_TEsmall/DEoutput/Normalized_Read_Counts.txt, /data/manke/processing1/pipegrp/smRNAPipeline/Analysis_3470_Kim_Denboba/DEseq2_TEsmall/DEoutput
    resources: tmpdir=/tmp

ImproperOutputException in rule deseq2_analysis in file /data/manke/processing1/pipegrp/smRNAPipeline/Analysis_3470_Kim_Denboba/DEseq2_TEsmall/wf-Deseq.smk, line 22:
Outputs of incorrect type (directories when expecting files or vice versa). Output directories must be flagged with directory(). for rule deseq2_analysis:
    output: /data/manke/processing1/pipegrp/smRNAPipeline/Analysis_3470_Kim_Denboba/DEseq2_TEsmall/DEoutput/VarianceStabilizedCounts.txt, /data/manke/processing1/pipegrp/smRNAPipeline/Analysis_3470_Kim_Denboba/DEseq2_TEsmall/DEoutput/Normalized_Read_Counts.txt, /data/manke/processing1/pipegrp/smRNAPipeline/Analysis_3470_Kim_Denboba/DEseq2_TEsmall/DEoutput/Pcaplot.pdf, /data/manke/processing1/pipegrp/smRNAPipeline/Analysis_3470_Kim_Denboba/DEseq2_TEsmall/DEoutput/volcanoplot.pdf, /data/manke/processing1/pipegrp/smRNAPipeline/Analysis_3470_Kim_Denboba/DEseq2_TEsmall/DEoutput, /data/manke/processing1/pipegrp/smRNAPipeline/Analysis_3470_Kim_Denboba/DEseq2_TEsmall/DEoutput/deseq_results.done
    affected files:
        /data/manke/processing1/pipegrp/smRNAPipeline/Analysis_3470_Kim_Denboba/DEseq2_TEsmall/DEoutput
Removing output files of failed job deseq2_analysis since they might be corrupted:
/data/manke/processing1/pipegrp/smRNAPipeline/Analysis_3470_Kim_Denboba/DEseq2_TEsmall/DEoutput/VarianceStabilizedCounts.txt, /data/manke/processing1/pipegrp/smRNAPipeline/Analysis_3470_Kim_Denboba/DEseq2_TEsmall/DEoutput/Normalized_Read_Counts.txt, /data/manke/processing1/pipegrp/smRNAPipeline/Analysis_3470_Kim_Denboba/DEseq2_TEsmall/DEoutput/Pcaplot.pdf, /data/manke/processing1/pipegrp/smRNAPipeline/Analysis_3470_Kim_Denboba/DEseq2_TEsmall/DEoutput/volcanoplot.pdf, /data/manke/processing1/pipegrp/smRNAPipeline/Analysis_3470_Kim_Denboba/DEseq2_TEsmall/DEoutput, /data/manke/processing1/pipegrp/smRNAPipeline/Analysis_3470_Kim_Denboba/DEseq2_TEsmall/DEoutput/deseq_results.done
Skipped removing non-empty directory /data/manke/processing1/pipegrp/smRNAPipeline/Analysis_3470_Kim_Denboba/DEseq2_TEsmall/DEoutput
Shutting down, this might take some time.
Exiting because a job execution failed. Look above for error message
Complete log: .snakemake/log/2025-03-07T121947.900257.snakemake.log
WorkflowError:
At least one job did not complete successfully.
